2013-11-28 19:42:24 - ::1 - prva_strana - Mozilla/5.0 (Windows NT 6.2; WOW64; rv:25.0) Gecko/20100101 Firefox/25.0 - Lenovo
2013-11-28 19:42:28 - ::1 - provera_logovanja - Mozilla/5.0 (Windows NT 6.2; WOW64; rv:25.0) Gecko/20100101 Firefox/25.0 - Lenovo
2013-11-28 19:42:33 - ::1 - prikaz_usluga - Mozilla/5.0 (Windows NT 6.2; WOW64; rv:25.0) Gecko/20100101 Firefox/25.0 - Lenovo
2013-11-28 19:42:36 - ::1 - forma_unos_usluge - Mozilla/5.0 (Windows NT 6.2; WOW64; rv:25.0) Gecko/20100101 Firefox/25.0 - Lenovo
2013-11-28 19:42:38 - ::1 - editovanje_usluga - Mozilla/5.0 (Windows NT 6.2; WOW64; rv:25.0) Gecko/20100101 Firefox/25.0 - Lenovo
2013-11-29 13:31:39 - ::1 - prva_strana - Mozilla/5.0 (Windows NT 6.2; WOW64; rv:25.0) Gecko/20100101 Firefox/25.0 - Lenovo
2013-11-29 13:31:43 - ::1 - provera_logovanja - Mozilla/5.0 (Windows NT 6.2; WOW64; rv:25.0) Gecko/20100101 Firefox/25.0 - Lenovo
2013-11-29 13:31:47 - ::1 - prikaz_fizicko - Mozilla/5.0 (Windows NT 6.2; WOW64; rv:25.0) Gecko/20100101 Firefox/25.0 - Lenovo
2013-11-29 13:31:51 - ::1 - radni_nalog_unos_fizicko - Mozilla/5.0 (Windows NT 6.2; WOW64; rv:25.0) Gecko/20100101 Firefox/25.0 - Lenovo
2013-11-29 13:31:57 - ::1 - unos_radninalog_klijent - Mozilla/5.0 (Windows NT 6.2; WOW64; rv:25.0) Gecko/20100101 Firefox/25.0 - Lenovo
2013-11-29 13:32:12 - ::1 - radni_nalog_unos_fizicko - Mozilla/5.0 (Windows NT 6.2; WOW64; rv:25.0) Gecko/20100101 Firefox/25.0 - Lenovo
2013-11-29 13:34:07 - ::1 - prva_strana - Mozilla/5.0 (Windows NT 6.2; WOW64; rv:25.0) Gecko/20100101 Firefox/25.0 - Lenovo
2013-11-29 13:34:11 - ::1 - prikaz_prvano - Mozilla/5.0 (Windows NT 6.2; WOW64; rv:25.0) Gecko/20100101 Firefox/25.0 - Lenovo
2013-11-29 13:34:16 - ::1 - radni_nalog_unos_pravno - Mozilla/5.0 (Windows NT 6.2; WOW64; rv:25.0) Gecko/20100101 Firefox/25.0 - Lenovo
2013-11-29 13:34:20 - ::1 - unos_radninalog_klijent - Mozilla/5.0 (Windows NT 6.2; WOW64; rv:25.0) Gecko/20100101 Firefox/25.0 - Lenovo
2013-11-29 13:34:26 - ::1 - prikaz_prvano - Mozilla/5.0 (Windows NT 6.2; WOW64; rv:25.0) Gecko/20100101 Firefox/25.0 - Lenovo
2013-11-29 13:35:55 - ::1 - prva_strana - Mozilla/5.0 (Windows NT 6.2; WOW64; rv:25.0) Gecko/20100101 Firefox/25.0 - Lenovo
2013-11-29 13:35:58 - ::1 - prikaz_radni_nalog - Mozilla/5.0 (Windows NT 6.2; WOW64; rv:25.0) Gecko/20100101 Firefox/25.0 - Lenovo
2013-11-29 13:36:02 - ::1 - prikaz_fizicko - Mozilla/5.0 (Windows NT 6.2; WOW64; rv:25.0) Gecko/20100101 Firefox/25.0 - Lenovo
2013-11-29 13:36:04 - ::1 - radni_nalog_unos_fizicko - Mozilla/5.0 (Windows NT 6.2; WOW64; rv:25.0) Gecko/20100101 Firefox/25.0 - Lenovo
2013-11-29 13:36:07 - ::1 - unos_radninalog_klijent - Mozilla/5.0 (Windows NT 6.2; WOW64; rv:25.0) Gecko/20100101 Firefox/25.0 - Lenovo
2013-11-29 13:36:21 - ::1 - radni_nalog_unos_fizicko - Mozilla/5.0 (Windows NT 6.2; WOW64; rv:25.0) Gecko/20100101 Firefox/25.0 - Lenovo
2013-11-29 13:36:28 - ::1 - unos_radninalog_klijent - Mozilla/5.0 (Windows NT 6.2; WOW64; rv:25.0) Gecko/20100101 Firefox/25.0 - Lenovo
2013-11-29 13:37:39 - ::1 - prva_strana - Mozilla/5.0 (Windows NT 6.2; WOW64; rv:25.0) Gecko/20100101 Firefox/25.0 - Lenovo
2013-11-29 13:37:46 - ::1 - prikaz_fizicko - Mozilla/5.0 (Windows NT 6.2; WOW64; rv:25.0) Gecko/20100101 Firefox/25.0 - Lenovo
2013-11-29 13:37:49 - ::1 - radni_nalog_unos_fizicko - Mozilla/5.0 (Windows NT 6.2; WOW64; rv:25.0) Gecko/20100101 Firefox/25.0 - Lenovo
2013-11-29 13:38:07 - ::1 - unos_radninalog_klijent - Mozilla/5.0 (Windows NT 6.2; WOW64; rv:25.0) Gecko/20100101 Firefox/25.0 - Lenovo
2013-11-29 13:38:08 - ::1 - prikaz_radni_nalog - Mozilla/5.0 (Windows NT 6.2; WOW64; rv:25.0) Gecko/20100101 Firefox/25.0 - Lenovo
2013-11-29 13:38:12 - ::1 - pdf_stampanje - Mozilla/5.0 (Windows NT 6.2; WOW64; rv:25.0) Gecko/20100101 Firefox/25.0 - Lenovo
2013-11-29 13:38:16 - ::1 - prikaz_radni_nalog - Mozilla/5.0 (Windows NT 6.2; WOW64; rv:25.0) Gecko/20100101 Firefox/25.0 - Lenovo
2013-11-29 13:38:19 - ::1 - prva_strana - Mozilla/5.0 (Windows NT 6.2; WOW64; rv:25.0) Gecko/20100101 Firefox/25.0 - Lenovo
2013-11-29 13:47:41 - ::1 - prva_strana - Mozilla/5.0 (Windows NT 6.2; WOW64; rv:25.0) Gecko/20100101 Firefox/25.0 - Lenovo
2013-11-29 13:47:43 - ::1 - editovanje_usluga - Mozilla/5.0 (Windows NT 6.2; WOW64; rv:25.0) Gecko/20100101 Firefox/25.0 - Lenovo
2013-11-29 13:47:45 - ::1 - prva_strana - Mozilla/5.0 (Windows NT 6.2; WOW64; rv:25.0) Gecko/20100101 Firefox/25.0 - Lenovo
2013-11-29 14:54:42 - ::1 - prikaz_usluga - Mozilla/5.0 (Windows NT 6.2; WOW64; rv:25.0) Gecko/20100101 Firefox/25.0 - Lenovo
2013-11-29 14:54:45 - ::1 - prikaz_radni_nalog - Mozilla/5.0 (Windows NT 6.2; WOW64; rv:25.0) Gecko/20100101 Firefox/25.0 - Lenovo
2013-11-30 13:07:19 - ::1 - prva_strana - Mozilla/5.0 (Windows NT 6.2; WOW64; rv:25.0) Gecko/20100101 Firefox/25.0 - Lenovo
2013-11-30 13:07:31 - ::1 - provera_logovanja - Mozilla/5.0 (Windows NT 6.2; WOW64; rv:25.0) Gecko/20100101 Firefox/25.0 - Lenovo
2013-11-30 13:07:42 - ::1 - editovanje_usluga - Mozilla/5.0 (Windows NT 6.2; WOW64; rv:25.0) Gecko/20100101 Firefox/25.0 - Lenovo
2013-11-30 13:07:49 - ::1 - brisanje_usluge - Mozilla/5.0 (Windows NT 6.2; WOW64; rv:25.0) Gecko/20100101 Firefox/25.0 - Lenovo
2013-11-30 13:07:50 - ::1 - editovanje_usluga - Mozilla/5.0 (Windows NT 6.2; WOW64; rv:25.0) Gecko/20100101 Firefox/25.0 - Lenovo
2013-11-30 13:08:03 - ::1 - brisanje_usluge - Mozilla/5.0 (Windows NT 6.2; WOW64; rv:25.0) Gecko/20100101 Firefox/25.0 - Lenovo
2013-11-30 13:08:04 - ::1 - editovanje_usluga - Mozilla/5.0 (Windows NT 6.2; WOW64; rv:25.0) Gecko/20100101 Firefox/25.0 - Lenovo
2013-11-30 13:09:56 - ::1 - prva_strana - Mozilla/5.0 (Windows NT 6.2; WOW64; rv:25.0) Gecko/20100101 Firefox/25.0 - Lenovo
2013-11-30 13:10:00 - ::1 - editovanje_usluga - Mozilla/5.0 (Windows NT 6.2; WOW64; rv:25.0) Gecko/20100101 Firefox/25.0 - Lenovo
2013-11-30 13:10:05 - ::1 - brisanje_usluge - Mozilla/5.0 (Windows NT 6.2; WOW64; rv:25.0) Gecko/20100101 Firefox/25.0 - Lenovo
2013-11-30 13:10:06 - ::1 - editovanje_usluga - Mozilla/5.0 (Windows NT 6.2; WOW64; rv:25.0) Gecko/20100101 Firefox/25.0 - Lenovo
2013-11-30 13:10:12 - ::1 - brisanje_usluge - Mozilla/5.0 (Windows NT 6.2; WOW64; rv:25.0) Gecko/20100101 Firefox/25.0 - Lenovo
2013-11-30 13:10:14 - ::1 - editovanje_usluga - Mozilla/5.0 (Windows NT 6.2; WOW64; rv:25.0) Gecko/20100101 Firefox/25.0 - Lenovo
2013-11-30 13:10:43 - ::1 - prva_strana - Mozilla/5.0 (Windows NT 6.2; WOW64; rv:25.0) Gecko/20100101 Firefox/25.0 - Lenovo
2013-11-30 13:10:46 - ::1 - editovanje_usluga - Mozilla/5.0 (Windows NT 6.2; WOW64; rv:25.0) Gecko/20100101 Firefox/25.0 - Lenovo
2013-11-30 13:10:50 - ::1 - brisanje_usluge - Mozilla/5.0 (Windows NT 6.2; WOW64; rv:25.0) Gecko/20100101 Firefox/25.0 - Lenovo
2013-11-30 13:10:51 - ::1 - editovanje_usluga - Mozilla/5.0 (Windows NT 6.2; WOW64; rv:25.0) Gecko/20100101 Firefox/25.0 - Lenovo
2013-11-30 13:11:51 - ::1 - prva_strana - Mozilla/5.0 (Windows NT 6.2; WOW64; rv:25.0) Gecko/20100101 Firefox/25.0 - Lenovo
2013-11-30 13:11:54 - ::1 - editovanje_usluga - Mozilla/5.0 (Windows NT 6.2; WOW64; rv:25.0) Gecko/20100101 Firefox/25.0 - Lenovo
2013-11-30 13:11:57 - ::1 - brisanje_usluge - Mozilla/5.0 (Windows NT 6.2; WOW64; rv:25.0) Gecko/20100101 Firefox/25.0 - Lenovo
2013-11-30 13:11:58 - ::1 - editovanje_usluga - Mozilla/5.0 (Windows NT 6.2; WOW64; rv:25.0) Gecko/20100101 Firefox/25.0 - Lenovo
2013-11-30 13:12:01 - ::1 - brisanje_usluge - Mozilla/5.0 (Windows NT 6.2; WOW64; rv:25.0) Gecko/20100101 Firefox/25.0 - Lenovo
2013-11-30 13:12:02 - ::1 - editovanje_usluga - Mozilla/5.0 (Windows NT 6.2; WOW64; rv:25.0) Gecko/20100101 Firefox/25.0 - Lenovo
2013-11-30 13:13:05 - ::1 - prikaz_radni_nalog - Mozilla/5.0 (Windows NT 6.2; WOW64; rv:25.0) Gecko/20100101 Firefox/25.0 - Lenovo
2013-11-30 13:13:27 - ::1 - prva_strana - Mozilla/5.0 (Windows NT 6.2; WOW64; rv:25.0) Gecko/20100101 Firefox/25.0 - Lenovo
2013-12-01 17:24:04 - ::1 - prva_strana - Mozilla/5.0 (Windows NT 6.2; WOW64; rv:25.0) Gecko/20100101 Firefox/25.0 - Lenovo
2013-12-01 17:24:09 - ::1 - provera_logovanja - Mozilla/5.0 (Windows NT 6.2; WOW64; rv:25.0) Gecko/20100101 Firefox/25.0 - Lenovo
2013-12-01 17:25:16 - ::1 - prva_strana - Mozilla/5.0 (Windows NT 6.2; WOW64; rv:25.0) Gecko/20100101 Firefox/25.0 - Lenovo
2013-12-01 17:25:30 - ::1 - prva_strana - Mozilla/5.0 (Windows NT 6.2; WOW64; rv:25.0) Gecko/20100101 Firefox/25.0 - Lenovo
2013-12-01 17:25:49 - ::1 - prva_strana - Mozilla/5.0 (Windows NT 6.2; WOW64; rv:25.0) Gecko/20100101 Firefox/25.0 - Lenovo
2013-12-01 17:26:05 - ::1 - prva_strana - Mozilla/5.0 (Windows NT 6.2; WOW64; rv:25.0) Gecko/20100101 Firefox/25.0 - Lenovo
2013-12-01 17:29:56 - ::1 - prva_strana - Mozilla/5.0 (Windows NT 6.2; WOW64; rv:25.0) Gecko/20100101 Firefox/25.0 - Lenovo
2013-12-01 17:32:26 - ::1 - prva_strana - Mozilla/5.0 (Windows NT 6.2; WOW64; rv:25.0) Gecko/20100101 Firefox/25.0 - Lenovo
